[    0.000000] Initializing cgroup subsys cpuset
[    0.000000] Initializing cgroup subsys cpu
[    0.000000] Initializing cgroup subsys cpuacct
[    0.000000] Linux version 4.4.0-165-generic (buildd@lgw01-amd64-027) (gcc version 5.4.0 20160609 (Ubuntu 5.4.0-6ubuntu1~16.04.10) ) #193-Ubuntu SMP Tue Sep 17 17:42:52 UTC 2019 (Ubuntu 4.4.0-165.193-generic 4.4.189)
[    0.000000] Command line: BOOT_IMAGE=/boot/vmlinuz-4.4.0-165-generic root=LABEL=cloudimg-rootfs ro console=tty1 console=ttyS0
[    0.000000] KERNEL supported cpus:
[    0.000000]   Intel GenuineIntel
[    0.000000]   AMD AuthenticAMD
[    0.000000]   Centaur CentaurHauls
[    0.000000] x86/fpu: xstate_offset[2]:  576, xstate_sizes[2]:  256
[    0.000000] x86/fpu: Supporting XSAVE feature 0x01: 'x87 floating point registers'
[    0.000000] x86/fpu: Supporting XSAVE feature 0x02: 'SSE registers'
[    0.000000] x86/fpu: Supporting XSAVE feature 0x04: 'AVX registers'
[    0.000000] x86/fpu: Enabled xstate features 0x7, context size is 832 bytes, using 'standard' format.
[    0.000000] e820: BIOS-provided physical RAM map:
[    0.000000] BIOS-e820: [mem 0x0000000000000000-0x000000000009fbff] usable
[    0.000000] BIOS-e820: [mem 0x000000000009fc00-0x000000000009ffff] reserved
[    0.000000] BIOS-e820: [mem 0x00000000000f0000-0x00000000000fffff] reserved
[    0.000000] BIOS-e820: [mem 0x0000000000100000-0x000000003ffeffff] usable
[    0.000000] BIOS-e820: [mem 0x000000003fff0000-0x000000003fffffff] ACPI data
[    0.000000] BIOS-e820: [mem 0x00000000fec00000-0x00000000fec00fff] reserved
[    0.000000] BIOS-e820: [mem 0x00000000fee00000-0x00000000fee00fff] reserved
[    0.000000] BIOS-e820: [mem 0x00000000fffc0000-0x00000000ffffffff] reserved
[    0.000000] NX (Execute Disable) protection: active
[    0.000000] SMBIOS 2.5 present.
[    0.000000] Hypervisor detected: KVM
[    0.000000] e820: last_pfn = 0x3fff0 max_arch_pfn = 0x400000000
[    0.000000] MTRR: Disabled
[    0.000000] x86/PAT: MTRRs disabled, skipping PAT initialization too.
[    0.000000] CPU MTRRs all blank - virtualized system.
[    0.000000] x86/PAT: Configuration [0-7]: WB  WT  UC- UC  WB  WT  UC- UC  
[    0.000000] found SMP MP-table at [mem 0x0009fff0-0x0009ffff] mapped at [ffff88000009fff0]
[    0.000000] Scanning 1 areas for low memory corruption
[    0.000000] RAMDISK: [mem 0x362fa000-0x37174fff]
[    0.000000] ACPI: Early table checksum verification disabled
[    0.000000] ACPI: RSDP 0x00000000000E0000 000024 (v02 VBOX  )
[    0.000000] ACPI: XSDT 0x000000003FFF0030 00003C (v01 VBOX   VBOXXSDT 00000001 ASL  00000061)
[    0.000000] ACPI: FACP 0x000000003FFF00F0 0000F4 (v04 VBOX   VBOXFACP 00000001 ASL  00000061)
[    0.000000] ACPI: DSDT 0x000000003FFF0470 0022EA (v02 VBOX   VBOXBIOS 00000002 INTL 20100528)
[    0.000000] ACPI: FACS 0x000000003FFF0200 000040
[    0.000000] ACPI: FACS 0x000000003FFF0200 000040
[    0.000000] ACPI: APIC 0x000000003FFF0240 00005C (v02 VBOX   VBOXAPIC 00000001 ASL  00000061)
[    0.000000] ACPI: SSDT 0x000000003FFF02A0 0001CC (v01 VBOX   VBOXCPUT 00000002 INTL 20100528)
[    0.000000] No NUMA configuration found
[    0.000000] Faking a node at [mem 0x0000000000000000-0x000000003ffeffff]
[    0.000000] NODE_DATA(0) allocated [mem 0x3ffeb000-0x3ffeffff]
[    0.000000] kvm-clock: Using msrs 4b564d01 and 4b564d00
[    0.000000] kvm-clock: cpu 0, msr 0:3ffe3001, primary cpu clock
[    0.000000] kvm-clock: using sched offset of 3468559776 cycles
[    0.000000] clocksource: kvm-clock: mask: 0xffffffffffffffff max_cycles: 0x1cd42e4dffb, max_idle_ns: 881590591483 ns
[    0.000000] Zone ranges:
[    0.000000]   DMA      [mem 0x0000000000001000-0x0000000000ffffff]
[    0.000000]   DMA32    [mem 0x0000000001000000-0x000000003ffeffff]
[    0.000000]   Normal   empty
[    0.000000]   Device   empty
[    0.000000] Movable zone start for each node
[    0.000000] Early memory node ranges
[    0.000000]   node   0: [mem 0x0000000000001000-0x000000000009efff]
[    0.000000]   node   0: [mem 0x0000000000100000-0x000000003ffeffff]
[    0.000000] Initmem setup node 0 [mem 0x0000000000001000-0x000000003ffeffff]
[    0.000000] ACPI: PM-Timer IO Port: 0x4008
[    0.000000] IOAPIC[0]: apic_id 2, version 32, address 0xfec00000, GSI 0-23
[    0.000000] ACPI: INT_SRC_OVR (bus 0 bus_irq 0 global_irq 2 dfl dfl)
[    0.000000] ACPI: INT_SRC_OVR (bus 0 bus_irq 9 global_irq 9 low level)
[    0.000000] Using ACPI (MADT) for SMP configuration information
[    0.000000] smpboot: Allowing 2 CPUs, 0 hotplug CPUs
[    0.000000] PM: Registered nosave memory: [mem 0x00000000-0x00000fff]
[    0.000000] PM: Registered nosave memory: [mem 0x0009f000-0x0009ffff]
[    0.000000] PM: Registered nosave memory: [mem 0x000a0000-0x000effff]
[    0.000000] PM: Registered nosave memory: [mem 0x000f0000-0x000fffff]
[    0.000000] e820: [mem 0x40000000-0xfebfffff] available for PCI devices
[    0.000000] Booting paravirtualized kernel on KVM
[    0.000000] clocksource: refined-jiffies: mask: 0xffffffff max_cycles: 0xffffffff, max_idle_ns: 7645519600211568 ns
[    0.000000] setup_percpu: NR_CPUS:512 nr_cpumask_bits:512 nr_cpu_ids:2 nr_node_ids:1
[    0.000000] PERCPU: Embedded 34 pages/cpu @ffff88003fc00000 s99544 r8192 d31528 u1048576
[    0.000000] Built 1 zonelists in Node order, mobility grouping on.  Total pages: 257912
[    0.000000] Policy zone: DMA32
[    0.000000] Kernel command line: BOOT_IMAGE=/boot/vmlinuz-4.4.0-165-generic root=LABEL=cloudimg-rootfs ro console=tty1 console=ttyS0
[    0.000000] PID hash table entries: 4096 (order: 3, 32768 bytes)
[    0.000000] Memory: 997732K/1048120K available (8621K kernel code, 1335K rwdata, 4032K rodata, 1484K init, 1284K bss, 50388K reserved, 0K cma-reserved)
[    0.000000] SLUB: HWalign=64, Order=0-3, MinObjects=0, CPUs=2, Nodes=1
[    0.000000] Kernel/User page tables isolation: enabled
[    0.000000] Hierarchical RCU implementation.
[    0.000000] 	Build-time adjustment of leaf fanout to 64.
[    0.000000] 	RCU restricting CPUs from NR_CPUS=512 to nr_cpu_ids=2.
[    0.000000] RCU: Adjusting geometry for rcu_fanout_leaf=64, nr_cpu_ids=2
[    0.000000] NR_IRQS:33024 nr_irqs:440 16
[    0.000000] Console: colour VGA+ 80x25
[    0.000000] console [tty1] enabled
[    0.000000] console [ttyS0] enabled
[    0.000000] tsc: Detected 2712.002 MHz processor
[    0.214144] Calibrating delay loop (skipped) preset value.. 5424.00 BogoMIPS (lpj=10848008)
[    0.217403] pid_max: default: 32768 minimum: 301
[    0.219134] ACPI: Core revision 20150930
[    0.223161] ACPI: 2 ACPI AML tables successfully acquired and loaded
[    0.225698] Security Framework initialized
[    0.227303] Yama: becoming mindful.
[    0.228820] AppArmor: AppArmor initialized
[    0.230447] Dentry cache hash table entries: 131072 (order: 8, 1048576 bytes)
[    0.233273] Inode-cache hash table entries: 65536 (order: 7, 524288 bytes)
[    0.235444] Mount-cache hash table entries: 2048 (order: 2, 16384 bytes)
[    0.237956] Mountpoint-cache hash table entries: 2048 (order: 2, 16384 bytes)
[    0.240229] Initializing cgroup subsys io
[    0.241672] Initializing cgroup subsys memory
[    0.243179] Initializing cgroup subsys devices
[    0.244641] Initializing cgroup subsys freezer
[    0.246062] Initializing cgroup subsys net_cls
[    0.247468] Initializing cgroup subsys perf_event
[    0.248939] Initializing cgroup subsys net_prio
[    0.250535] Initializing cgroup subsys hugetlb
[    0.252279] Initializing cgroup subsys pids
[    0.254978] mce: CPU supports 0 MCE banks
[    0.256371] Last level iTLB entries: 4KB 64, 2MB 8, 4MB 8
[    0.257890] Last level dTLB entries: 4KB 64, 2MB 0, 4MB 0, 1GB 4
[    0.259303] Spectre V1 : Mitigation: usercopy/swapgs barriers and __user pointer sanitization
[    0.261477] Spectre V2 : Mitigation: Full generic retpoline
[    0.263114] Spectre V2 : Spectre v2 / SpectreRSB mitigation: Filling RSB on context switch
[    0.265831] Speculative Store Bypass: Vulnerable
[    0.267417] MDS: Vulnerable: Clear CPU buffers attempted, no microcode
[    0.273852] Freeing SMP alternatives memory: 36K
[    0.283673] ftrace: allocating 32318 entries in 127 pages
[    0.368715] smpboot: APIC(0) Converting physical 0 to logical package 0
[    0.370904] smpboot: Max logical packages: 1
[    0.373122] x2apic enabled
[    0.374712] Switched APIC routing to physical x2apic.
[    0.378941] ..TIMER: vector=0x30 apic1=0 pin1=2 apic2=-1 pin2=-1
[    0.489131] smpboot: CPU0: Intel(R) Core(TM) i5-7200U CPU @ 2.50GHz (family: 0x6, model: 0x8e, stepping: 0x9)
[    0.493065] Performance Events: unsupported p6 CPU model 142 no PMU driver, software events only.
[    0.507971] KVM setup paravirtual spinlock
[    0.510367] x86: Booting SMP configuration:
[    0.511780] .... node  #0, CPUs:      #1
[    0.513090] kvm-clock: cpu 1, msr 0:3ffe3041, secondary cpu clock
[    0.516152] mce: CPU supports 0 MCE banks
[    0.519246] x86: Booted up 1 node, 2 CPUs
[    0.520693] smpboot: Total of 2 processors activated (10848.00 BogoMIPS)
[    0.522995] devtmpfs: initialized
[    0.526719] evm: security.selinux
[    0.527920] evm: security.SMACK64
[    0.529192] evm: security.SMACK64EXEC
[    0.530475] evm: security.SMACK64TRANSMUTE
[    0.531848] evm: security.SMACK64MMAP
[    0.533182] evm: security.ima
[    0.534297] evm: security.capability
[    0.535681] clocksource: jiffies: mask: 0xffffffff max_cycles: 0xffffffff, max_idle_ns: 7645041785100000 ns
[    0.539290] futex hash table entries: 512 (order: 3, 32768 bytes)
[    0.541677] pinctrl core: initialized pinctrl subsystem
[    0.543764] RTC time:  8:31:16, date: 10/11/19
[    0.545747] NET: Registered protocol family 16
[    0.558385] cpuidle: using governor ladder
[    0.570114] cpuidle: using governor menu
[    0.571556] PCCT header not found.
[    0.573135] ACPI: bus type PCI registered
[    0.574503] acpiphp: ACPI Hot Plug PCI Controller Driver version: 0.5
[    0.576591] PCI: Using configuration type 1 for base access
[    0.591348] ACPI: Added _OSI(Module Device)
[    0.592783] ACPI: Added _OSI(Processor Device)
[    0.594237] ACPI: Added _OSI(3.0 _SCP Extensions)
[    0.595765] ACPI: Added _OSI(Processor Aggregator Device)
[    0.598413] ACPI: Executed 1 blocks of module-level executable AML code
[    0.603162] ACPI: Interpreter enabled
[    0.604650] ACPI: (supports S0 S5)
[    0.606032] ACPI: Using IOAPIC for interrupt routing
[    0.608112] PCI: Using host bridge windows from ACPI; if necessary, use "pci=nocrs" and report a bug
[    0.616899] ACPI: PCI Root Bridge [PCI0] (domain 0000 [bus 00-ff])
[    0.619180] acpi PNP0A03:00: _OSC: OS supports [ASPM ClockPM Segments MSI]
[    0.622280] acpi PNP0A03:00: _OSC: not requesting OS control; OS requires [ExtendedConfig ASPM ClockPM MSI]
[    0.625405] acpi PNP0A03:00: fail to add MMCONFIG information, can't access extended PCI configuration space under this bridge.
[    0.629332] PCI host bridge to bus 0000:00
[    0.630736] pci_bus 0000:00: root bus resource [io  0x0000-0x0cf7 window]
[    0.632473] pci_bus 0000:00: root bus resource [io  0x0d00-0xffff window]
[    0.634421] pci_bus 0000:00: root bus resource [mem 0x000a0000-0x000bffff window]
[    0.636887] pci_bus 0000:00: root bus resource [mem 0x40000000-0xfdffffff window]
[    0.639853] pci_bus 0000:00: root bus resource [bus 00-ff]
[    0.644072] pci 0000:00:01.1: legacy IDE quirk: reg 0x10: [io  0x01f0-0x01f7]
[    0.646562] pci 0000:00:01.1: legacy IDE quirk: reg 0x14: [io  0x03f6]
[    0.648639] pci 0000:00:01.1: legacy IDE quirk: reg 0x18: [io  0x0170-0x0177]
[    0.650686] pci 0000:00:01.1: legacy IDE quirk: reg 0x1c: [io  0x0376]
[    0.694012] pci 0000:00:07.0: quirk: [io  0x4000-0x403f] claimed by PIIX4 ACPI
[    0.696580] pci 0000:00:07.0: quirk: [io  0x4100-0x410f] claimed by PIIX4 SMB
[    0.708313] ACPI: PCI Interrupt Link [LNKA] (IRQs 5 9 10 *11)
[    0.711461] ACPI: PCI Interrupt Link [LNKB] (IRQs 5 9 *10 11)
[    0.714083] ACPI: PCI Interrupt Link [LNKC] (IRQs 5 *9 10 11)
[    0.716733] ACPI: PCI Interrupt Link [LNKD] (IRQs 5 9 10 *11)
[    0.719857] ACPI: Enabled 2 GPEs in block 00 to 07
[    0.722318] vgaarb: setting as boot device: PCI:0000:00:02.0
[    0.724483] vgaarb: device added: PCI:0000:00:02.0,decodes=io+mem,owns=io+mem,locks=none
[    0.727436] vgaarb: loaded
[    0.728702] vgaarb: bridge control possible 0000:00:02.0
[    0.730949] SCSI subsystem initialized
[    0.732696] ACPI: bus type USB registered
[    0.734275] usbcore: registered new interface driver usbfs
[    0.736343] usbcore: registered new interface driver hub
[    0.738306] usbcore: registered new device driver usb
[    0.740435] PCI: Using ACPI for IRQ routing
[    0.742355] NetLabel: Initializing
[    0.743734] NetLabel:  domain hash size = 128
[    0.745189] NetLabel:  protocols = UNLABELED CIPSOv4
[    0.747338] NetLabel:  unlabeled traffic allowed by default
[    0.749272] amd_nb: Cannot enumerate AMD northbridges
[    0.751221] clocksource: Switched to clocksource kvm-clock
[    0.762162] AppArmor: AppArmor Filesystem Enabled
[    0.764050] pnp: PnP ACPI init
[    0.766642] pnp: PnP ACPI: found 3 devices
[    0.778309] clocksource: acpi_pm: mask: 0xffffff max_cycles: 0xffffff, max_idle_ns: 2085701024 ns
[    0.781883] NET: Registered protocol family 2
[    0.783820] TCP established hash table entries: 8192 (order: 4, 65536 bytes)
[    0.786412] TCP bind hash table entries: 8192 (order: 5, 131072 bytes)
[    0.788762] TCP: Hash tables configured (established 8192 bind 8192)
[    0.791044] UDP hash table entries: 512 (order: 2, 16384 bytes)
[    0.793521] UDP-Lite hash table entries: 512 (order: 2, 16384 bytes)
[    0.795880] NET: Registered protocol family 1
[    0.797520] pci 0000:00:00.0: Limiting direct PCI/PCI transfers
[    0.799734] pci 0000:00:01.0: Activating ISA DMA hang workarounds
[    0.801712] Unpacking initramfs...
[    1.047962] Freeing initrd memory: 14828K
[    1.049541] clocksource: tsc: mask: 0xffffffffffffffff max_cycles: 0x2717880cafa, max_idle_ns: 440795252614 ns
[    1.052849] platform rtc_cmos: registered platform RTC device (no PNP device found)
[    1.055767] Scanning for low memory corruption every 60 seconds
[    1.058168] audit: initializing netlink subsys (disabled)
[    1.060019] audit: type=2000 audit(1570782681.086:1): initialized
[    1.062361] Initialise system trusted keyring
[    1.064167] HugeTLB registered 2 MB page size, pre-allocated 0 pages
[    1.068104] zbud: loaded
[    1.069727] VFS: Disk quotas dquot_6.6.0
[    1.071211] VFS: Dquot-cache hash table entries: 512 (order 0, 4096 bytes)
[    1.073666] squashfs: version 4.0 (2009/01/31) Phillip Lougher
[    1.075964] fuse init (API version 7.23)
[    1.077669] Key type big_key registered
[    1.079089] Allocating IMA MOK and blacklist keyrings.
[    1.082458] Key type asymmetric registered
[    1.084024] Asymmetric key parser 'x509' registered
[    1.085643] Block layer SCSI generic (bsg) driver version 0.4 loaded (major 249)
[    1.088788] io scheduler noop registered
[    1.090559] io scheduler deadline registered (default)
[    1.092391] io scheduler cfq registered
[    1.093939] pci_hotplug: PCI Hot Plug PCI Core version: 0.5
[    1.095704] pciehp: PCI Express Hot Plug Controller Driver version: 0.4
[    1.097970] ACPI: AC Adapter [AC] (on-line)
[    1.099774] input: Power Button as /devices/LNXSYSTM:00/LNXPWRBN:00/input/input0
[    1.102535] ACPI: Power Button [PWRF]
[    1.104133] input: Sleep Button as /devices/LNXSYSTM:00/LNXSLPBN:00/input/input1
[    1.106758] ACPI: Sleep Button [SLPF]
[    1.108465] GHES: HEST is not enabled!
[    1.109358] ACPI: Battery Slot [BAT0] (battery present)
[    1.112457] Serial: 8250/16550 driver, 32 ports, IRQ sharing enabled
[    1.145826] 00:02: ttyS0 at I/O 0x3f8 (irq = 4, base_baud = 115200) is a 16550A
[    1.151651] Linux agpgart interface v0.103
[    1.155295] loop: module loaded
[    1.157376] scsi host0: ata_piix
[    1.158844] scsi host1: ata_piix
[    1.160267] ata1: PATA max UDMA/33 cmd 0x1f0 ctl 0x3f6 bmdma 0xd000 irq 14
[    1.162679] ata2: PATA max UDMA/33 cmd 0x170 ctl 0x376 bmdma 0xd008 irq 15
[    1.165315] libphy: Fixed MDIO Bus: probed
[    1.167006] tun: Universal TUN/TAP device driver, 1.6
[    1.168724] tun: (C) 1999-2004 Max Krasnyansky <maxk@qualcomm.com>
[    1.170701] PPP generic driver version 2.4.2
[    1.172456] ehci_hcd: USB 2.0 'Enhanced' Host Controller (EHCI) Driver
[    1.174800] ehci-pci: EHCI PCI platform driver
[    1.176551] ehci-platform: EHCI generic platform driver
[    1.178474] ohci_hcd: USB 1.1 'Open' Host Controller (OHCI) Driver
[    1.180733] ohci-pci: OHCI PCI platform driver
[    1.182444] ohci-platform: OHCI generic platform driver
[    1.184366] uhci_hcd: USB Universal Host Controller Interface driver
[    1.186703] i8042: PNP: PS/2 Controller [PNP0303:PS2K,PNP0f03:PS2M] at 0x60,0x64 irq 1,12
[    1.190431] serio: i8042 KBD port at 0x60,0x64 irq 1
[    1.192428] serio: i8042 AUX port at 0x60,0x64 irq 12
[    1.194885] mousedev: PS/2 mouse device common for all mice
[    1.197237] input: AT Translated Set 2 keyboard as /devices/platform/i8042/serio0/input/input2
[    1.200426] rtc_cmos rtc_cmos: rtc core: registered rtc_cmos as rtc0
[    1.202282] rtc_cmos rtc_cmos: alarms up to one day, 114 bytes nvram
[    1.203818] i2c /dev entries driver
[    1.204913] device-mapper: uevent: version 1.0.3
[    1.206159] device-mapper: ioctl: 4.34.0-ioctl (2015-10-28) initialised: dm-devel@redhat.com
[    1.208330] ledtrig-cpu: registered to indicate activity on CPUs
[    1.210181] NET: Registered protocol family 10
[    1.211592] NET: Registered protocol family 17
[    1.212756] Key type dns_resolver registered
[    1.214153] registered taskstats version 1
[    1.215249] Loading compiled-in X.509 certificates
[    1.217082] Loaded X.509 cert 'Build time autogenerated kernel key: 0ed82eac04367aa6426493b1389455ebf6830eaa'
[    1.219480] zswap: loaded using pool lzo/zbud
[    1.222927] Key type trusted registered
[    1.227994] Key type encrypted registered
[    1.229089] AppArmor: AppArmor sha1 policy hashing enabled
[    1.230417] ima: No TPM chip found, activating TPM-bypass!
[    1.231808] ima: Allocated hash algorithm: sha1
[    1.232990] evm: HMAC attrs: 0x1
[    1.234355]   Magic number: 7:176:523
[    1.235523] rtc_cmos rtc_cmos: setting system clock to 2019-10-11 08:31:16 UTC (1570782676)
[    1.237806] BIOS EDD facility v0.16 2004-Jun-25, 0 devices found
[    1.239230] EDD information not available.
[    1.363298] Freeing unused kernel memory: 1484K
[    1.365115] Write protecting the kernel read-only data: 14336k
[    1.367728] Freeing unused kernel memory: 1608K
[    1.369669] Freeing unused kernel memory: 64K
Loading, please wait...
starting version 229
[    1.388072] random: systemd-udevd: uninitialized urandom read (16 bytes read, 3 bits of entropy available)
[    1.388945] random: udevadm: uninitialized urandom read (16 bytes read, 3 bits of entropy available)
[    1.388975] random: udevadm: uninitialized urandom read (16 bytes read, 3 bits of entropy available)
[    1.398555] random: systemd-udevd: uninitialized urandom read (16 bytes read, 3 bits of entropy available)
[    1.401046] random: udevadm: uninitialized urandom read (16 bytes read, 3 bits of entropy available)
[    1.401086] random: udevadm: uninitialized urandom read (16 bytes read, 3 bits of entropy available)
[    1.401242] random: udevadm: uninitialized urandom read (16 bytes read, 3 bits of entropy available)
[    1.401291] random: udevadm: uninitialized urandom read (16 bytes read, 3 bits of entropy available)
[    1.401341] random: udevadm: uninitialized urandom read (16 bytes read, 3 bits of entropy available)
[    1.401390] random: udevadm: uninitialized urandom read (16 bytes read, 3 bits of entropy available)
[    1.461282] e1000: Intel(R) PRO/1000 Network Driver - version 7.3.21-k8-NAPI
[    1.463234] e1000: Copyright (c) 1999-2006 Intel Corporation.
[    1.465266] Fusion MPT base driver 3.04.20
[    1.466946] Copyright (c) 1999-2008 LSI Corporation
[    1.497435] AVX2 version of gcm_enc/dec engaged.
[    1.500651] AES CTR mode by8 optimization enabled
[    1.510331] Fusion MPT SPI Host driver 3.04.20
[    1.715949] input: ImExPS/2 Generic Explorer Mouse as /devices/platform/i8042/serio1/input/input4
[    2.081095] e1000 0000:00:03.0 eth0: (PCI:33MHz:32-bit) 02:0e:9b:2d:5b:92
[    2.083665] e1000 0000:00:03.0 eth0: Intel(R) PRO/1000 Network Connection
[    2.086416] mptbase: ioc0: Initiating bringup
[    2.086899] e1000 0000:00:03.0 enp0s3: renamed from eth0
[    2.151769] ioc0: LSI53C1030 A0: Capabilities={Initiator}
[    2.314224] scsi host2: ioc0: LSI53C1030 A0, FwRev=00000000h, Ports=1, MaxQ=256, IRQ=20
[    2.431716] scsi 2:0:0:0: Direct-Access     VBOX     HARDDISK         1.0  PQ: 0 ANSI: 5
[    2.434645] scsi target2:0:0: Beginning Domain Validation
[    2.438555] scsi target2:0:0: Domain Validation skipping write tests
[    2.441106] scsi target2:0:0: Ending Domain Validation
[    2.443370] scsi target2:0:0: asynchronous
[    2.445242] scsi 2:0:1:0: Direct-Access     VBOX     HARDDISK         1.0  PQ: 0 ANSI: 5
[    2.447940] scsi target2:0:1: Beginning Domain Validation
[    2.450791] scsi target2:0:1: Domain Validation skipping write tests
[    2.453194] scsi target2:0:1: Ending Domain Validation
[    2.455387] scsi target2:0:1: asynchronous
[    2.484304] sd 2:0:0:0: Attached scsi generic sg0 type 0
[    2.486093] sd 2:0:0:0: [sda] 20971520 512-byte logical blocks: (10.7 GB/10.0 GiB)
[    2.488823] sd 2:0:0:0: [sda] Write Protect is off
[    2.489265] sd 2:0:1:0: [sdb] 20480 512-byte logical blocks: (10.5 MB/10.0 MiB)
[    2.489532] sd 2:0:1:0: [sdb] Write Protect is off
[    2.489796] sd 2:0:1:0: [sdb] Incomplete mode parameter data
[    2.489798] sd 2:0:1:0: [sdb] Assuming drive cache: write through
[    2.491434] sd 2:0:1:0: Attached scsi generic sg1 type 0
[    2.495057] sd 2:0:1:0: [sdb] Attached SCSI disk
[    2.500343] sd 2:0:0:0: [sda] Incomplete mode parameter data
[    2.501712] sd 2:0:0:0: [sda] Assuming drive cache: write through
[    2.505237]  sda: sda1
[    2.507207] sd 2:0:0:0: [sda] Attached SCSI disk
Begin: Loading essential drivers ... [    4.116124] md: linear personality registered for level -1
[    4.121130] md: multipath personality registered for level -4
[    4.126427] md: raid0 personality registered for level 0
[    4.133000] md: raid1 personality registered for level 1
[    4.203684] raid6: sse2x1   gen()  8488 MB/s
[    4.272035] raid6: sse2x1   xor()  6185 MB/s
[    4.339380] raid6: sse2x2   gen()  8226 MB/s
[    4.407242] raid6: sse2x2   xor()  5692 MB/s
[    4.475407] raid6: sse2x4   gen()  8645 MB/s
[    4.543704] raid6: sse2x4   xor()  9398 MB/s
[    4.611735] raid6: avx2x1   gen() 18628 MB/s
[    4.680035] raid6: avx2x2   gen() 19519 MB/s
[    4.747354] raid6: avx2x4   gen() 17788 MB/s
[    4.749014] raid6: using algorithm avx2x2 gen() 19519 MB/s
[    4.750998] raid6: using avx2x2 recovery algorithm
[    4.754200] xor: automatically using best checksumming function:
[    4.795702]    avx       : 21222.000 MB/sec
[    4.798636] async_tx: api initialized (async)
[    4.810100] md: raid6 personality registered for level 6
[    4.811833] md: raid5 personality registered for level 5
[    4.813243] md: raid4 personality registered for level 4
[    4.820654] md: raid10 personality registered for level 10
done.
Begin: Running /scripts/init-premount ... done.
Begin: Mounting root file system ... Begin: Running /scripts/local-top ... done.
Begin: Running /scripts/local-premount ... [    4.860127] Btrfs loaded
Scanning for Btrfs filesystems
done.
Warning: fsck not present, so skipping root file system
[    4.895699] EXT4-fs (sda1): mounted filesystem with ordered data mode. Opts: (null)
done.
Begin: Running /scripts/local-bottom ... done.
Begin: Running /scripts/init-bottom ... done.
[    5.006637] systemd[1]: systemd 229 running in system mode. (+PAM +AUDIT +SELINUX +IMA +APPARMOR +SMACK +SYSVINIT +UTMP +LIBCRYPTSETUP +GCRYPT +GNUTLS +ACL +XZ -LZ4 +SECCOMP +BLKID +ELFUTILS +KMOD -IDN)
[    5.013978] systemd[1]: Detected virtualization oracle.
[    5.015812] systemd[1]: Detected architecture x86-64.

Welcome to [1mUbuntu 16.04.6 LTS[0m!

[    5.021821] systemd[1]: Set hostname to <ubuntu>.
[    5.026116] systemd[1]: Initializing machine ID from random generator.
[    5.028326] systemd[1]: Installed transient /etc/machine-id file.
[    5.185939] systemd[1]: Created slice User and Session Slice.
[[0;32m  OK  [0m] Created slice User and Session Slice.
[    5.188655] systemd[1]: Started Forward Password Requests to Wall Directory Watch.
[[0;32m  OK  [0m] Started Forward Password Requests to Wall Directory Watch.
[    5.192312] systemd[1]: Reached target User and Group Name Lookups.
[[0;32m  OK  [0m] Reached target User and Group Name Lookups.
[    5.195961] systemd[1]: Reached target System Time Synchronized.
[[0;32m  OK  [0m] Reached target System Time Synchronized.
[    5.198746] systemd[1]: Listening on /dev/initctl Compatibility Named Pipe.
[[0;32m  OK  [0m] Listening on /dev/initctl Compatibility Named Pipe.
[    5.201894] systemd[1]: Listening on LVM2 metadata daemon socket.
[[0;32m  OK  [0m] Listening on LVM2 metadata daemon socket.
[    5.211609] systemd[1]: Set up automount Arbitrary Executable File Formats File System Automount Point.
[[0;32m  OK  [0m] Set up automount Arbitrary Executab...ats File System Automount Point.
[    5.217413] systemd[1]: Reached target Swap.
[[0;32m  OK  [0m] Reached target Swap.
[    5.219511] systemd[1]: Listening on LVM2 poll daemon socket.
[[0;32m  OK  [0m] Listening on LVM2 poll daemon socket.
[    5.222148] systemd[1]: Listening on Journal Socket (/dev/log).
[[0;32m  OK  [0m] Listening on Journal Socket (/dev/log).
[    5.224852] systemd[1]: Listening on Journal Socket.
[[0;32m  OK  [0m] Listening on Journal Socket.
[    5.227228] systemd[1]: Listening on udev Kernel Socket.
[[0;32m  OK  [0m] Listening on udev Kernel Socket.
[    5.230398] systemd[1]: Listening on Syslog Socket.
[[0;32m  OK  [0m] Listening on Syslog Socket.
[    5.233042] systemd[1]: Listening on udev Control Socket.
[[0;32m  OK  [0m] Listening on udev Control Socket.
[    5.235528] systemd[1]: Reached target Encrypted Volumes.
[[0;32m  OK  [0m] Reached target Encrypted Volumes.
[    5.238356] systemd[1]: Created slice System Slice.
[[0;32m  OK  [0m] Created slice System Slice.
[    5.259365] systemd[1]: Starting Nameserver information manager...
         Starting Nameserver information manager...
[    5.263562] systemd[1]: Created slice system-serial\x2dgetty.slice.
[[0;32m  OK  [0m] Created slice system-serial\x2dgetty.slice.
[    5.268188] systemd[1]: Starting Uncomplicated firewall...
         Starting Uncomplicated firewall...
[    5.271852] systemd[1]: Starting Create list of required static device nodes for the current kernel...
         Starting Create list of required st... nodes for the current kernel...
[    5.277156] systemd[1]: Reached target Slices.
[[0;32m  OK  [0m] Reached target Slices.
[    5.281172] systemd[1]: Starting Set console keymap...
         Starting Set console keymap...
[    5.284876] systemd[1]: Mounting Huge Pages File System...
         Mounting Huge Pages File System...
[    5.289586] systemd[1]: Starting Load Kernel Modules...
         Starting Load Kernel Modules...
[    5.293460] systemd[1]: Mounting POSIX Message Queue File System...
         Mounting POSIX Message Queue File System...
[    5.298486] systemd[1]: Mounting Debug File System...
         Mounting Debug File System...
[    5.305311] systemd[1]: Starting Remount Root and Kernel File Systems...
[    5.305339] Loading iSCSI transport class v2.0-870.
         Starting Remount Root and Kernel File Systems...
[    5.313047] systemd[1]: Listening on Device-mapper event daemon FIFOs.
[[0;32m  OK  [0m] Listening on Device-mapper event daemon FIFOs.
[    5.319867] EXT4-fs (sda1): re-mounted. Opts: (null)
[    5.321802] systemd[1]: Starting Monitoring of LVM2 mirrors, snapshots etc. using dmeventd or progress polling...
[    5.322789] iscsi: registered transport (tcp)
         Starting Monitoring of LVM2 mirrors... dmeventd or progress polling...
[    5.327990] systemd[1]: Listening on Journal Audit Socket.
[[0;32m  OK  [0m] Listening on Journal Audit Socket.
[    5.332585] systemd[1]: Starting Journal Service...
         Starting Journal Service...
[    5.338759] systemd[1]: Started Trigger resolvconf update for networkd DNS.
[[0;32m  OK  [0m] Started Trigger resolvconf update for networkd DNS.
[    5.345638] systemd[1]: Mounted POSIX Message Queue File System.
[[0;32m  OK  [0m] Mounted POSIX Message Queue File System.
[    5.355509] systemd[1]: Mounted Debug File System.
[[0;32m  OK  [0m] Mounted Debug File System.
[    5.358445] systemd[1]: Mounted Huge Pages File System.
[[0;32m  OK  [0m] Mounted Huge Pages File System.
[    5.363092] systemd[1]: Started Uncomplicated firewall.
[[0;32m  OK  [0m] Started Uncomplicated firewall.
[    5.377461] systemd[1]: Started Create list of required static device nodes for the current kernel.
[[0;32m  OK  [0m] Started Create list of required sta...ce nodes for the current kernel.
[    5.384172] systemd[1]: Started Remount Root and Kernel File Systems.
[[0;32m  OK  [0m] Started Remount Root and Kernel File Systems.
[    5.395666] systemd[1]: Started Nameserver information manager.
[[0;32m  OK  [0m] Started Nameserver information manager.
[    5.405818] systemd[1]: Started Journal Service.
[[0;32m  OK  [0m] Started Journal Service.
[    5.415354] iscsi: registered transport (iser)
[[0;32m  OK  [0m] Started Load Kernel Modules.
[[0;32m  OK  [0m] Started Set console keymap.
         Mounting FUSE Control File System...
         Starting Apply Kernel Variables...
[[0;32m  OK  [0m] Started LVM2 metadata daemon.
         Starting Load/Save Random Seed...
         Starting Flush Journal to Persistent Storage...
         Starting udev Coldplug all Devices...
         Starting Create Static Device Nodes in /dev...
[[0;32m  OK  [0m] Mounted FUSE Control File System.
[[0;32m  OK  [0m] Started Apply Kernel Variables.
[[0;32m  OK  [0m] Started Load/Save Random Seed.
[[0;32m  OK  [0m] Started Create Static Device Nodes in /dev.
[[0;32m  OK  [0m] Started Flush Journal to Persistent Storage.
[[0;32m  OK  [0m] Started udev Coldplug all Devices.
         Starting udev Kernel Device Manager...
[[0;32m  OK  [0m] Started udev Kernel Device Manager.
[[0;32m  OK  [0m] Started Dispatch Password Requests to Console Directory Watch.
[[0;32m  OK  [0m] Found device /dev/ttyS0.
[[0;32m  OK  [0m] Listening on Load/Save RF Kill Switch Status /dev/rfkill Watch.
[[0;32m  OK  [0m] Started Monitoring of LVM2 mirrors,...ng dmeventd or progress polling.
[[0;32m  OK  [0m] Reached target Local File Systems (Pre).
[[0;32m  OK  [0m] Reached target Local File Systems.
         Starting Set console font and keymap...
         Starting Create Volatile Files and Directories...
         Starting Commit a transient machine-id on disk...
         Starting LSB: AppArmor initialization...
         Starting Tell Plymouth To Write Out Runtime Data...
         Starting Initial cloud-init job (pre-networking)...
[[0;32m  OK  [0m] Started Create Volatile Files and Directories.
[[0;32m  OK  [0m] Started Commit a transient machine-id on disk.
[[0;32m  OK  [0m] Started Tell Plymouth To Write Out Runtime Data.
         Starting Update UTMP about System Boot/Shutdown...
[[0;32m  OK  [0m] Started Update UTMP about System Boot/Shutdown.
[[0;32m  OK  [0m] Started Set console font and keymap.
[[0;32m  OK  [0m] Created slice system-getty.slice.
[    8.377009] cloud-init[655]: Cloud-init v. 19.2-36-g059d049c-0ubuntu1~16.04.1 running 'init-local' at Fri, 11 Oct 2019 08:31:23 +0000. Up 7.76 seconds.
[[0;32m  OK  [0m] Started Initial cloud-init job (pre-networking).
[[0;32m  OK  [0m] Reached target Network (Pre).
[[0;32m  OK  [0m] Started LSB: AppArmor initialization.
         Starting Raise network interfaces...
[[0;32m  OK  [0m] Started Raise network interfaces.
         Starting Initial cloud-init job (metadata service crawler)...
[[0;32m  OK  [0m] Reached target Network.
[   10.279528] cloud-init[957]: Cloud-init v. 19.2-36-g059d049c-0ubuntu1~16.04.1 running 'init' at Fri, 11 Oct 2019 08:31:25 +0000. Up 9.62 seconds.
[   10.282357] cloud-init[957]: ci-info: +++++++++++++++++++++++++++++++++++++Net device info++++++++++++++++++++++++++++++++++++++
[   10.284434] cloud-init[957]: ci-info: +--------+------+---------------------------+---------------+--------+-------------------+
[   10.286394] cloud-init[957]: ci-info: | Device |  Up  |          Address          |      Mask     | Scope  |     Hw-Address    |
[   10.288284] cloud-init[957]: ci-info: +--------+------+---------------------------+---------------+--------+-------------------+
[   10.290866] cloud-init[957]: ci-info: | enp0s3 | True |         10.0.2.15         | 255.255.255.0 | global | 02:0e:9b:2d:5b:92 |
[   10.293887] cloud-init[957]: ci-info: | enp0s3 | True | fe80::e:9bff:fe2d:5b92/64 |       .       |  link  | 02:0e:9b:2d:5b:92 |
[   10.296378] cloud-init[957]: ci-info: |   lo   | True |         127.0.0.1         |   255.0.0.0   |  host  |         .         |
[   10.298571] cloud-init[957]: ci-info: |   lo   | True |          ::1/128          |       .       |  host  |         .         |
[   10.309064] cloud-init[957]: ci-info: +--------+------+---------------------------+---------------+--------+-------------------+
[   10.311443] cloud-init[957]: ci-info: +++++++++++++++++++++++++++Route IPv4 info++++++++++++++++++++++++++++
[   10.313732] cloud-init[957]: ci-info: +-------+-------------+----------+---------------+-----------+-------+
[   10.315765] cloud-init[957]: ci-info: | Route | Destination | Gateway  |    Genmask    | Interface | Flags |
[   10.318174] cloud-init[957]: ci-info: +-------+-------------+----------+---------------+-----------+-------+
[   10.321211] cloud-init[957]: ci-info: |   0   |   0.0.0.0   | 10.0.2.2 |    0.0.0.0    |   enp0s3  |   UG  |
[   10.324263] cloud-init[957]: ci-info: |   1   |   10.0.2.0  | 0.0.0.0  | 255.255.255.0 |   enp0s3  |   U   |
[   10.326401] cloud-init[957]: ci-info: +-------+-------------+----------+---------------+-----------+-------+
[   10.328745] cloud-init[957]: ci-info: +++++++++++++++++++Route IPv6 info+++++++++++++++++++
[   10.330867] cloud-init[957]: ci-info: +-------+-------------+---------+-----------+-------+
[   10.340855] cloud-init[957]: ci-info: | Route | Destination | Gateway | Interface | Flags |
[   10.342533] cloud-init[957]: ci-info: +-------+-------------+---------+-----------+-------+
[   10.344218] cloud-init[957]: ci-info: |   0   |  fe80::/64  |    ::   |   enp0s3  |   U   |
[   10.346363] cloud-init[957]: ci-info: |   3   |   ff00::/8  |    ::   |   enp0s3  |   U   |
[   10.348416] cloud-init[957]: ci-info: +-------+-------------+---------+-----------+-------+
[   10.350806] cloud-init[957]: Generating public/private rsa key pair.
[   10.352633] cloud-init[957]: Your identification has been saved in /etc/ssh/ssh_host_rsa_key.
[   10.355379] cloud-init[957]: Your public key has been saved in /etc/ssh/ssh_host_rsa_key.pub.
[   10.357729] cloud-init[957]: The key fingerprint is:
[   10.359391] cloud-init[957]: SHA256:2jJ0VMRRrcyE09ByedKF7TP5prZmaLcacL+e0dcoIjM root@ubuntu-xenial
[   10.369083] cloud-init[957]: The key's randomart image is:
[   10.370411] cloud-init[957]: +---[RSA 2048]----+
[   10.371909] cloud-init[957]: |         o=B.+ +.|
[   10.380740] cloud-init[957]: |         .= B = .|
[   10.381972] cloud-init[957]: |        .  B + ..|
[   10.383187] cloud-init[957]: |       .    +  +.|
[   10.384510] cloud-init[957]: |      . S . .   +|
[   10.385977] cloud-init[957]: |     . +   o . o+|
[   10.387571] cloud-init[957]: |      + E . o.+o+|
[   10.389219] cloud-init[957]: |       o + .oo*+.|
[   10.390977] cloud-init[957]: |           ..B*o |
[   10.392700] cloud-init[957]: +----[SHA256]-----+
[   10.394172] cloud-init[957]: Generating public/private dsa key pair.
[   10.396395] cloud-init[957]: Your identification has been saved in /etc/ssh/ssh_host_dsa_key.
[   10.398626] cloud-init[957]: Your public key has been saved in /etc/ssh/ssh_host_dsa_key.pub.
[   10.401093] cloud-init[957]: The key fingerprint is:
[   10.402543] cloud-init[957]: SHA256:yGNiaX+zTLG3O6uCIHl8ajggDCsXUEWPnCTn32dGbkQ root@ubuntu-xenial
[   10.405053] cloud-init[957]: The key's randomart image is:
[   10.406443] cloud-init[957]: +---[DSA 1024]----+
[   10.407629] cloud-init[957]: | .oo=     E      |
[   10.408903] cloud-init[957]: |.  * +   .       |
[   10.420205] [[0;32m  OK  [0m] Started Initial cloud-init job (metadata service crawler).
[[0;32m  OK  [0m] Reached target Cloud-config availability.
[[0;32m  OK  [0m] Reached target Network is Online.
cloud-init[957]: | .  = .   o      |
[   10.425591] cloud-init[957]: |. .  + o +       |
[   10.427017] cloud-init[957]: |o+ .= * S *      |
[   10.428675] cloud-init[957]: |B.=o.+ . B       |
[   10.430332] cloud-init[957]: |+= + .. = .      |
[   10.432011] cloud-init[957]: |o o . .+ +..     |
[   10.433864] cloud-init[957]: | o     .+.++     |
[   10.435619] cloud-init[957]: +----[SHA256]-----+
[   10.437301] cloud-init[957]: Generating public/private ecdsa key pair.
[   10.439404] cloud-init         Starting iSCSI initiator daemon (iscsid)...
[[0;32m  OK  [0m] Reached target System Initialization.
[957]: Your identification has been saved in /etc/ssh/ssh_host_ecdsa_key.
[   10.443642] cloud-init[957]: Your public key has been saved in /etc/ssh/ssh_host_ecdsa_key.pub.[[0;32m  OK  [0m] Started ACPI Events Check.
[[0;32m  OK  [0m] Reached target Paths.
         Starting Socket activation for snappy daemon.
[[0;32m  OK  [0m] Listening on ACPID Listen Socket.

[   10.449363] cloud-init[957]: [[0;32m  OK  [0m] Listening on UUID daemon activation socket.
[[0;32m  OK  [0m] Started Daily apt download activities.
[[0;32m  OK  [0m] Listening on D-Bus System Message Bus Socket.
[[0;32m  OK  [0m] Started Daily apt upgrade and clean activities.
[[0;32m  OK  [0m] Started Daily Cleanup of Temporary Directories.
The key fingerprint is:
         Starting LXD - unix socket.
[[0;32m  OK  [0m] Reached target Timers.
[[0;32m  OK  [0m] Listening on Socket activation for snappy daemon.
[[0;32m  OK  [0m] Listening on LXD - unix socket.
[   10.456095] cloud-init[957]: SHA256:bSALDY6/4XF/pK7I1KmKjAh+HDxVGjHJ2ep7t5DisFk root@ubuntu-xenial
[   10.464493] cloud-init[957]: The key's randomart image is:
[   10.466240] cloud-init[957]: +---[ECDSA 256]---+
[   10.467838] cloud-init[957]: |    oo=          |[[0;32m  OK  [0m] Reached target Sockets.
[[0;32m  OK  [0m] Reached target Basic System.

[   10.472342] cloud-init[957]: |   o B.o         |
[[0;32m  OK  [0m] Started FUSE filesystem for LXC.
[   10.475684] cloud-init[957]: |  . o B .        |
[   10.478647] cloud-init[957]: |   . = o o       |
[   10.479479] cloud-init[957]: |  . * o S +      |
[   10.480784] cloud-init[957]: |   = B o.+       |
[   10.481459] cloud-init[957]: |. ..*E+oo .      |
[   10.482180] cloud-init[957]: |*. =*+.o.o       |
[   10.482827] cloud-init[957]: |+oo++.o.o..      |
[   10.483547] cloud-init[957]: +----[SHA256]-----+
[   10.483807] cloud-init[957]: Generating public/private ed25519 key pair.
[   10.484646] cloud-init[957]: Your identification has been saved in /etc/ssh/ssh_host_ed25519_key.
[   10.485176] cloud-init[957]: Your public key has been saved in /etc/ssh/ssh_host_ed25519_key.pub.
[   10.486247] cloud-init[957]: The key fingerprint is:
[   10.486904] cloud-init[957]: SHA256:CalJRLEM81lBKKfablsPXz83sIDIWaoNbkkCz6Go6Ew root@ubuntu-xenial
[   10.487560] cloud-init[957]: The key's randomart image is:
[   10.488949] cloud-init[957]: +--[ED25519 256]--+
[   10.489900] cloud-init[957]: |  o.+++.         |
[   10.491324] cloud-init[957]: |  .*o+ .         |
[   10.492001] cloud-init[957]: |   +* o          |
[   10.493084] cloud-init[957]: |. o. o.. .       |
[   10.493804] cloud-init[957]: |o* oo= .S        |
[   10.494651] cloud-init[957]: |= * = . . .      |
[   10.495332] cloud-init[957]: |oE =o   .. o     |
[   10.496455] cloud-init[957]: |= B..+ . .o o    |
[   10.497280] cloud-init[957]: |.=..  o   .o .   |
[   10.497945] cloud-init[957]: +----[SHA256]-----+
         Starting Virtualbox guest utils...
         Starting Login Service...
[[0;32m  OK  [0m] Started D-Bus System Message Bus.
[[0;32m  OK  [0m] Started Deferred execution scheduler.
         Starting LXD - container startup/shutdown...
         Starting Pollinate to seed the pseudo random number generator...
         Starting LSB: Record successful boot for GRUB...
         Starting Accounts Service...
[[0;32m  OK  [0m] Started ACPI event daemon.
         Starting System Logging Service...
         Starting /etc/rc.local Compatibility...
[[0;32m  OK  [0m] Started Regular background program processing daemon.
         Starting LSB: MD monitoring daemon...
         Starting Snappy daemon...
[[0;32m  OK  [0m] Started iSCSI initiator daemon (iscsid).
[[0;32m  OK  [0m] Started /etc/rc.local Compatibility.
[[0;32m  OK  [0m] Started System Logging Service.
         Starting Login to default iSCSI targets...
[[0;32m  OK  [0m] Started LSB: Record successful boot for GRUB.
[[0;32m  OK  [0m] Started Login Service.
[[0;32m  OK  [0m] Started Unattended Upgrades Shutdown.
[[0;32m  OK  [0m] Started LSB: MD monitoring daemon.
[[0;32m  OK  [0m] Started Login to default iSCSI targets.
[[0;32m  OK  [0m] Reached target Remote File Systems (Pre).
[[0;32m  OK  [0m] Reached target Remote File Systems.
         Starting Permit User Sessions...
         Starting LSB: automatic crash report generation...
         Starting LSB: Set the CPU Frequency Scaling governor to "ondemand"...
         Starting LSB: daemon to balance interrupts for SMP systems...
         Starting Authenticate and Authorize Users to Run Privileged Tasks...
[[0;32m  OK  [0m] Started Virtualbox guest utils.
[[0;32m  OK  [0m] Started Permit User Sessions.
[[0;32m  OK  [0m] Started LXD - container startup/shutdown.
[[0;32m  OK  [0m] Started Authenticate and Authorize Users to Run Privileged Tasks.
[[0;32m  OK  [0m] Started Accounts Service.
         Starting Terminate Plymouth Boot Screen...
         Starting Hold until boot process finishes up...
[[0;32m  OK  [0m] Started LSB: Set the CPU Frequency Scaling governor to "ondemand".
[[0;32m  OK  [0m] Started Terminate Plymouth Boot Screen.
[[0;32m  OK  [0m] Started Hold until boot process finishes up.
[[0;32m  OK  [0m] Started LSB: automatic crash report generation.
[[0;32m  OK  [0m] Started LSB: daemon to balance interrupts for SMP systems.
         Starting Set console scheme...
[[0;32m  OK  [0m] Started Serial Getty on ttyS0.
[[0;32m  OK  [0m] Started Getty on tty1.
[[0;32m  OK  [0m] Reached target Login Prompts.
[[0;32m  OK  [0m] Started Set console scheme.
[[0;32m  OK  [0m] Started Pollinate to seed the pseudo random number generator.
         Starting OpenBSD Secure Shell server...
[[0;32m  OK  [0m] Started OpenBSD Secure Shell server.
[[0;32m  OK  [0m] Started Snappy daemon.
         Starting Wait until snapd is fully seeded...
[[0;32m  OK  [0m] Created slice User Slice of vagrant.
         Starting User Manager for UID 1000...
[[0;32m  OK  [0m] Started Session 1 of user vagrant.
[[0;32m  OK  [0m] Started User Manager for UID 1000.
[[0;32m  OK  [0m] Started Wait until snapd is fully seeded.
[[0;32m  OK  [0m] Reached target Multi-User System.
[[0;32m  OK  [0m] Reached target Graphical Interface.
         Starting Update UTMP about System Runlevel Changes...
         Starting Apply the settings specified in cloud-config...
[[0;32m  OK  [0m] Started Update UTMP about System Runlevel Changes.
[   13.513840] cloud-init[1353]: Generating locales (this might take a while)...
[   15.019472] cloud-init[1353]:   en_US.UTF-8... done
[   15.022998] cloud-init[1353]: Generation complete.
[   15.544042] cloud-init[1353]: Cloud-init v. 19.2-36-g059d049c-0ubuntu1~16.04.1 running 'modules:config' at Fri, 11 Oct 2019 08:31:28 +0000. Up 13.23 seconds.
[[0;32m  OK  [0m] Started Apply the settings specified in cloud-config.
         Starting Execute cloud user/final scripts...
ci-info: no authorized ssh keys fingerprints found for user ubuntu.
<14>Oct 11 08:31:32 ec2: 
<14>Oct 11 08:31:32 ec2: #############################################################
<14>Oct 11 08:31:32 ec2: -----BEGIN SSH HOST KEY FINGERPRINTS-----
<14>Oct 11 08:31:32 ec2: 1024 SHA256:yGNiaX+zTLG3O6uCIHl8ajggDCsXUEWPnCTn32dGbkQ root@ubuntu-xenial (DSA)
<14>Oct 11 08:31:32 ec2: 256 SHA256:bSALDY6/4XF/pK7I1KmKjAh+HDxVGjHJ2ep7t5DisFk root@ubuntu-xenial (ECDSA)
<14>Oct 11 08:31:32 ec2: 256 SHA256:CalJRLEM81lBKKfablsPXz83sIDIWaoNbkkCz6Go6Ew root@ubuntu-xenial (ED25519)
<14>Oct 11 08:31:32 ec2: 2048 SHA256:2jJ0VMRRrcyE09ByedKF7TP5prZmaLcacL+e0dcoIjM root@ubuntu-xenial (RSA)
<14>Oct 11 08:31:32 ec2: -----END SSH HOST KEY FINGERPRINTS-----
<14>Oct 11 08:31:32 ec2: #############################################################
-----BEGIN SSH HOST KEY KEYS-----
ecdsa-sha2-nistp256 AAAAE2VjZHNhLXNoYTItbmlzdHAyNTYAAAAIbmlzdHAyNTYAAABBBBFcXtkzjVypsZfl15vd4NMXpSmbfGOTBfhlcqTV1LykMSkVKa+V6tE3XqZMIWaWoT/O2tofZVhzBSiKhgXHAUg= root@ubuntu-xenial
ssh-ed25519 AAAAC3NzaC1lZDI1NTE5AAAAIFlrybiSTai7a/kxWhOC/SxZc9/iq2zOrqdmjpJvVC4I root@ubuntu-xenial
ssh-rsa AAAAB3NzaC1yc2EAAAADAQABAAABAQDRT4qql0KoHFDcQZ78GFPnWFX5tjMntUJHNb215BJWGZ4jJn8TMS1eLFbRW0RDoZZb9Vw2WZcrqTjsZfDi2zXnp/le2297hBqxZfU6EA3Iw+khRAC2yXzsDpKPa+MV0Gc5PsDPsskId/gmEz24szwFdLF2iT28ZhqrjIX890hhnVOhhEAnLSzIl+WwkzdmFK/0CccKYAj6ltmC1NEq/DS6MayQa48jH2417reUF0F4e4MxgbMDOtG9Cn58/EShS7llf3WE/uUWz5CqJc9KygAifXfOAPbOvTM2EVBmrBjr1rqTMwQAE5TLNOHbbfGWrGhLw3cTVDa04D3st9sigrKR root@ubuntu-xenial
-----END SSH HOST KEY KEYS-----
[   16.550953] cloud-init[1550]: Cloud-init v. 19.2-36-g059d049c-0ubuntu1~16.04.1 running 'modules:final' at Fri, 11 Oct 2019 08:31:31 +0000. Up 16.27 seconds.
[   16.551289] cloud-init[1550]: ci-info: no authorized ssh keys fingerprints found for user ubuntu.
[   16.551562] cloud-init[1550]: Cloud-init v. 19.2-36-g059d049c-0ubuntu1~16.04.1 finished at Fri, 11 Oct 2019 08:31:32 +0000. Datasource DataSourceNoCloud [seed=/dev/sdb][dsmode=net].  Up 16.53 seconds

Ubuntu 16.04.6 LTS ubuntu-xenial ttyS0

ubuntu-xenial login: 